<?xml version="1.0" encoding="UTF-8"?>
<testsuite name="com.example.demo.controller.StationAPIControllerTest" tests="7" skipped="0" failures="0" errors="0" timestamp="2022-03-20T14:57:25" hostname="changmins-MacBook-Pro.local" time="0.385">
  <properties/>
  <testcase name="[200] is ok" classname="com.example.demo.controller.StationAPIControllerTest" time="0.245"/>
  <testcase name="[200] external api called" classname="com.example.demo.controller.StationAPIControllerTest" time="0.021"/>
  <testcase name="[500] internal server error" classname="com.example.demo.controller.StationAPIControllerTest" time="0.028"/>
  <testcase name="[400] latitude가 null일 경우" classname="com.example.demo.controller.StationAPIControllerTest" time="0.03"/>
  <testcase name="[400] longtude가 null일 경우" classname="com.example.demo.controller.StationAPIControllerTest" time="0.016"/>
  <testcase name="[400] 둘 다 null일 경우" classname="com.example.demo.controller.StationAPIControllerTest" time="0.013"/>
  <testcase name="[404] Not Found" classname="com.example.demo.controller.StationAPIControllerTest" time="0.016"/>
  <system-out><![CDATA[23:57:22.743 [Test worker] DEBUG org.springframework.test.context.BootstrapUtils - Instantiating CacheAwareContextLoaderDelegate from class [org.springframework.test.context.cache.DefaultCacheAwareContextLoaderDelegate]
23:57:22.752 [Test worker] DEBUG org.springframework.test.context.BootstrapUtils - Instantiating BootstrapContext using constructor [public org.springframework.test.context.support.DefaultBootstrapContext(java.lang.Class,org.springframework.test.context.CacheAwareContextLoaderDelegate)]
23:57:22.787 [Test worker] DEBUG org.springframework.test.context.BootstrapUtils - Instantiating TestContextBootstrapper for test class [com.example.demo.controller.StationAPIControllerTest] from class [org.springframework.boot.test.autoconfigure.web.servlet.WebMvcTestContextBootstrapper]
23:57:22.798 [Test worker] INFO org.springframework.boot.test.autoconfigure.web.servlet.WebMvcTestContextBootstrapper - Neither @ContextConfiguration nor @ContextHierarchy found for test class [com.example.demo.controller.StationAPIControllerTest], using SpringBootContextLoader
23:57:22.803 [Test worker] DEBUG org.springframework.test.context.support.AbstractContextLoader - Did not detect default resource location for test class [com.example.demo.controller.StationAPIControllerTest]: class path resource [com/example/demo/controller/StationAPIControllerTest-context.xml] does not exist
23:57:22.803 [Test worker] DEBUG org.springframework.test.context.support.AbstractContextLoader - Did not detect default resource location for test class [com.example.demo.controller.StationAPIControllerTest]: class path resource [com/example/demo/controller/StationAPIControllerTestContext.groovy] does not exist
23:57:22.803 [Test worker] INFO org.springframework.test.context.support.AbstractContextLoader - Could not detect default resource locations for test class [com.example.demo.controller.StationAPIControllerTest]: no resource found for suffixes {-context.xml, Context.groovy}.
23:57:22.804 [Test worker] INFO org.springframework.test.context.support.AnnotationConfigContextLoaderUtils - Could not detect default configuration classes for test class [com.example.demo.controller.StationAPIControllerTest]: StationAPIControllerTest does not declare any static, non-private, non-final, nested classes annotated with @Configuration.
23:57:22.877 [Test worker] DEBUG org.springframework.test.context.support.ActiveProfilesUtils - Could not find an 'annotation declaring class' for annotation type [org.springframework.test.context.ActiveProfiles] and class [com.example.demo.controller.StationAPIControllerTest]
23:57:22.934 [Test worker] DEBUG org.springframework.context.annotation.ClassPathScanningCandidateComponentProvider - Identified candidate component class: file [/Users/cm/Desktop/joljak/demo/build/classes/java/main/com/example/demo/DemoApplication.class]
23:57:22.935 [Test worker] INFO org.springframework.boot.test.context.SpringBootTestContextBootstrapper - Found @SpringBootConfiguration com.example.demo.DemoApplication for test class com.example.demo.controller.StationAPIControllerTest
23:57:22.937 [Test worker] DEBUG org.springframework.boot.test.autoconfigure.web.servlet.WebMvcTestContextBootstrapper - @TestExecutionListeners is not present for class [com.example.demo.controller.StationAPIControllerTest]: using defaults.
23:57:22.938 [Test worker] INFO org.springframework.boot.test.autoconfigure.web.servlet.WebMvcTestContextBootstrapper - Loaded default TestExecutionListener class names from location [META-INF/spring.factories]: [org.springframework.boot.test.autoconfigure.restdocs.RestDocsTestExecutionListener, org.springframework.boot.test.autoconfigure.web.client.MockRestServiceServerResetTestExecutionListener, org.springframework.boot.test.autoconfigure.web.servlet.MockMvcPrintOnlyOnFailureTestExecutionListener, org.springframework.boot.test.autoconfigure.web.servlet.WebDriverTestExecutionListener, org.springframework.boot.test.autoconfigure.webservices.client.MockWebServiceServerTestExecutionListener, org.springframework.boot.test.mock.mockito.MockitoTestExecutionListener, org.springframework.boot.test.mock.mockito.ResetMocksTestExecutionListener, org.springframework.test.context.web.ServletTestExecutionListener, org.springframework.test.context.support.DirtiesContextBeforeModesTestExecutionListener, org.springframework.test.context.event.ApplicationEventsTestExecutionListener, org.springframework.test.context.support.DependencyInjectionTestExecutionListener, org.springframework.test.context.support.DirtiesContextTestExecutionListener, org.springframework.test.context.transaction.TransactionalTestExecutionListener, org.springframework.test.context.jdbc.SqlScriptsTestExecutionListener, org.springframework.test.context.event.EventPublishingTestExecutionListener]
23:57:22.948 [Test worker] DEBUG org.springframework.boot.test.autoconfigure.web.servlet.WebMvcTestContextBootstrapper - Skipping candidate TestExecutionListener [org.springframework.test.context.transaction.TransactionalTestExecutionListener] due to a missing dependency. Specify custom listener classes or make the default listener classes and their required dependencies available. Offending class: [org/springframework/transaction/TransactionDefinition]
23:57:22.949 [Test worker] DEBUG org.springframework.boot.test.autoconfigure.web.servlet.WebMvcTestContextBootstrapper - Skipping candidate TestExecutionListener [org.springframework.test.context.jdbc.SqlScriptsTestExecutionListener] due to a missing dependency. Specify custom listener classes or make the default listener classes and their required dependencies available. Offending class: [org/springframework/transaction/interceptor/TransactionAttribute]
23:57:22.949 [Test worker] INFO org.springframework.boot.test.autoconfigure.web.servlet.WebMvcTestContextBootstrapper - Using TestExecutionListeners: [org.springframework.test.context.web.ServletTestExecutionListener@754777cd, org.springframework.test.context.support.DirtiesContextBeforeModesTestExecutionListener@2b52c0d6, org.springframework.test.context.event.ApplicationEventsTestExecutionListener@372ea2bc, org.springframework.boot.test.mock.mockito.MockitoTestExecutionListener@4cc76301, org.springframework.boot.test.autoconfigure.SpringBootDependencyInjectionTestExecutionListener@2f08c4b, org.springframework.test.context.support.DirtiesContextTestExecutionListener@3f19b8b3, org.springframework.test.context.event.EventPublishingTestExecutionListener@7de0c6ae, org.springframework.boot.test.autoconfigure.restdocs.RestDocsTestExecutionListener@a486d78, org.springframework.boot.test.autoconfigure.web.client.MockRestServiceServerResetTestExecutionListener@cdc3aae, org.springframework.boot.test.autoconfigure.web.servlet.MockMvcPrintOnlyOnFailureTestExecutionListener@7ef2d7a6, org.springframework.boot.test.autoconfigure.web.servlet.WebDriverTestExecutionListener@5dcbb60, org.springframework.boot.test.autoconfigure.webservices.client.MockWebServiceServerTestExecutionListener@4c36250e, org.springframework.boot.test.mock.mockito.ResetMocksTestExecutionListener@21526f6c]
23:57:22.954 [Test worker] DEBUG org.springframework.test.context.support.AbstractDirtiesContextTestExecutionListener - Before test class: context [DefaultTestContext@46074492 testClass = StationAPIControllerTest, testInstance = [null], testMethod = [null], testException = [null], mergedContextConfiguration = [WebMergedContextConfiguration@d78795 testClass = StationAPIControllerTest, locations = '{}', classes = '{class com.example.demo.DemoApplication}', contextInitializerClasses = '[]', activeProfiles = '{}', propertySourceLocations = '{}', propertySourceProperties = '{org.springframework.boot.test.autoconfigure.web.servlet.WebMvcTestContextBootstrapper=true}', contextCustomizers = set[org.springframework.boot.test.autoconfigure.OverrideAutoConfigurationContextCustomizerFactory$DisableAutoConfigurationContextCustomizer@b78a709, org.springframework.boot.test.autoconfigure.actuate.metrics.MetricsExportContextCustomizerFactory$DisableMetricExportContextCustomizer@cb191ca, org.springframework.boot.test.autoconfigure.filter.TypeExcludeFiltersContextCustomizer@b631047d, org.springframework.boot.test.autoconfigure.properties.PropertyMappingContextCustomizer@f567283, org.springframework.boot.test.autoconfigure.web.servlet.WebDriverContextCustomizerFactory$Customizer@7894f09b, [ImportsContextCustomizer@2c715e84 key = [org.springframework.boot.autoconfigure.cache.CacheAutoConfiguration, org.springframework.boot.autoconfigure.context.MessageSourceAutoConfiguration, org.springframework.boot.autoconfigure.data.web.SpringDataWebAutoConfiguration, org.springframework.boot.autoconfigure.freemarker.FreeMarkerAutoConfiguration, org.springframework.boot.autoconfigure.groovy.template.GroovyTemplateAutoConfiguration, org.springframework.boot.autoconfigure.gson.GsonAutoConfiguration, org.springframework.boot.autoconfigure.hateoas.HypermediaAutoConfiguration, org.springframework.boot.autoconfigure.http.HttpMessageConvertersAutoConfiguration, org.springframework.boot.autoconfigure.jackson.JacksonAutoConfiguration, org.springframework.boot.autoconfigure.jsonb.JsonbAutoConfiguration, org.springframework.boot.autoconfigure.mustache.MustacheAutoConfiguration, org.springframework.boot.autoconfigure.task.TaskExecutionAutoConfiguration, org.springframework.boot.autoconfigure.thymeleaf.ThymeleafAutoConfiguration, org.springframework.boot.autoconfigure.validation.ValidationAutoConfiguration, org.springframework.boot.autoconfigure.web.servlet.error.ErrorMvcAutoConfiguration, org.springframework.boot.autoconfigure.web.servlet.HttpEncodingAutoConfiguration, org.springframework.boot.autoconfigure.web.servlet.WebMvcAutoConfiguration, org.springframework.boot.test.autoconfigure.web.servlet.MockMvcAutoConfiguration, org.springframework.boot.test.autoconfigure.web.servlet.MockMvcWebClientAutoConfiguration, org.springframework.boot.test.autoconfigure.web.servlet.MockMvcWebDriverAutoConfiguration, org.springframework.boot.autoconfigure.security.oauth2.client.servlet.OAuth2ClientAutoConfiguration, org.springframework.boot.autoconfigure.security.oauth2.resource.servlet.OAuth2ResourceServerAutoConfiguration, org.springframework.boot.autoconfigure.security.servlet.SecurityAutoConfiguration, org.springframework.boot.autoconfigure.security.servlet.SecurityFilterAutoConfiguration, org.springframework.boot.autoconfigure.security.servlet.UserDetailsServiceAutoConfiguration, org.springframework.boot.test.autoconfigure.web.servlet.MockMvcSecurityConfiguration, org.springframework.boot.test.autoconfigure.web.reactive.WebTestClientAutoConfiguration]], org.springframework.boot.test.context.filter.ExcludeFilterContextCustomizer@5ed731d0, org.springframework.boot.test.json.DuplicateJsonObjectContextCustomizerFactory$DuplicateJsonObjectContextCustomizer@275fe372, org.springframework.boot.test.mock.mockito.MockitoContextCustomizer@668d9066, org.springframework.boot.test.context.SpringBootTestArgs@1, org.springframework.boot.test.context.SpringBootTestWebEnvironment@0], resourceBasePath = 'src/main/webapp', contextLoader = 'org.springframework.boot.test.context.SpringBootContextLoader', parent = [null]], attributes = map[[empty]]], class annotated with @DirtiesContext [false] with mode [null].

  .   ____          _            __ _ _
 /\\ / ___'_ __ _ _(_)_ __  __ _ \ \ \ \
( ( )\___ | '_ | '_| | '_ \/ _` | \ \ \ \
 \\/  ___)| |_)| | | | | || (_| |  ) ) ) )
  '  |____| .__|_| |_|_| |_\__, | / / / /
 =========|_|==============|___/=/_/_/_/
 :: Spring Boot ::                (v2.6.3)

2022-03-20 23:57:23.647  INFO 18653 --- [    Test worker] c.e.d.c.StationAPIControllerTest         : Starting StationAPIControllerTest using Java 11.0.11 on changmins-MacBook-Pro.local with PID 18653 (started by cm in /Users/cm/Desktop/joljak/demo)
2022-03-20 23:57:23.648  INFO 18653 --- [    Test worker] c.e.d.c.StationAPIControllerTest         : No active profile set, falling back to default profiles: default
2022-03-20 23:57:25.335  INFO 18653 --- [    Test worker] o.s.b.t.m.w.SpringBootMockServletContext : Initializing Spring TestDispatcherServlet ''
2022-03-20 23:57:25.336  INFO 18653 --- [    Test worker] o.s.t.web.servlet.TestDispatcherServlet  : Initializing Servlet ''
2022-03-20 23:57:25.337  INFO 18653 --- [    Test worker] o.s.t.web.servlet.TestDispatcherServlet  : Completed initialization in 1 ms
2022-03-20 23:57:25.371  INFO 18653 --- [    Test worker] c.e.d.c.StationAPIControllerTest         : Started StationAPIControllerTest in 2.368 seconds (JVM running for 3.436)

MockHttpServletRequest:
      HTTP Method = POST
      Request URI = /api/station
       Parameters = {}
          Headers = [Content-Type:"application/json;charset=UTF-8", Content-Length:"35"]
             Body = {"latitude":37.3,"longitude":127.3}
    Session Attrs = {}

Handler:
             Type = com.example.demo.controller.StationAPIController
           Method = com.example.demo.controller.StationAPIController#postGPS(GPSCoordinateReq)

Async:
    Async started = false
     Async result = null

Resolved Exception:
             Type = null

ModelAndView:
        View name = null
             View = null
            Model = null

FlashMap:
       Attributes = null

MockHttpServletResponse:
           Status = 200
    Error message = null
          Headers = []
     Content type = null
             Body = 
    Forwarded URL = null
   Redirected URL = null
          Cookies = []

MockHttpServletRequest:
      HTTP Method = POST
      Request URI = /api/station
       Parameters = {}
          Headers = [Content-Type:"application/json;charset=UTF-8", Content-Length:"35"]
             Body = {"latitude":37.3,"longitude":127.3}
    Session Attrs = {}

Handler:
             Type = com.example.demo.controller.StationAPIController
           Method = com.example.demo.controller.StationAPIController#postGPS(GPSCoordinateReq)

Async:
    Async started = false
     Async result = null

Resolved Exception:
             Type = null

ModelAndView:
        View name = null
             View = null
            Model = null

FlashMap:
       Attributes = null

MockHttpServletResponse:
           Status = 200
    Error message = null
          Headers = []
     Content type = null
             Body = 
    Forwarded URL = null
   Redirected URL = null
          Cookies = []

MockHttpServletRequest:
      HTTP Method = POST
      Request URI = /api/station
       Parameters = {}
          Headers = [Content-Type:"application/json;charset=UTF-8", Content-Length:"35"]
             Body = {"latitude":37.3,"longitude":127.3}
    Session Attrs = {}

Handler:
             Type = com.example.demo.controller.StationAPIController
           Method = com.example.demo.controller.StationAPIController#postGPS(GPSCoordinateReq)

Async:
    Async started = false
     Async result = null

Resolved Exception:
             Type = java.lang.RuntimeException

ModelAndView:
        View name = null
             View = null
            Model = null

FlashMap:
       Attributes = null

MockHttpServletResponse:
           Status = 500
    Error message = null
          Headers = [Content-Type:"application/json"]
     Content type = application/json
             Body = {"httpCode":500,"reason":"internal server error"}
    Forwarded URL = null
   Redirected URL = null
          Cookies = []
2022-03-20 23:57:25.705  WARN 18653 --- [    Test worker] .w.s.m.s.DefaultHandlerExceptionResolver : Resolved [org.springframework.web.bind.MethodArgumentNotValidException: Validation failed for argument [0] in public java.lang.String com.example.demo.controller.StationAPIController.postGPS(com.example.demo.dto.GPSCoordinateReq): [Field error in object 'GPSCoordinateReq' on field 'latitude': rejected value [null]; codes [NotNull.GPSCoordinateReq.latitude,NotNull.latitude,NotNull.java.lang.Double,NotNull]; arguments [org.springframework.context.support.DefaultMessageSourceResolvable: codes [GPSCoordinateReq.latitude,latitude]; arguments []; default message [latitude]]; default message [must not be null]] ]

MockHttpServletRequest:
      HTTP Method = POST
      Request URI = /api/station
       Parameters = {}
          Headers = [Content-Type:"application/json;charset=UTF-8", Content-Length:"35"]
             Body = {"latitude":null,"longitude":127.3}
    Session Attrs = {}

Handler:
             Type = com.example.demo.controller.StationAPIController
           Method = com.example.demo.controller.StationAPIController#postGPS(GPSCoordinateReq)

Async:
    Async started = false
     Async result = null

Resolved Exception:
             Type = org.springframework.web.bind.MethodArgumentNotValidException

ModelAndView:
        View name = null
             View = null
            Model = null

FlashMap:
       Attributes = null

MockHttpServletResponse:
           Status = 400
    Error message = null
          Headers = []
     Content type = null
             Body = 
    Forwarded URL = null
   Redirected URL = null
          Cookies = []
2022-03-20 23:57:25.721  WARN 18653 --- [    Test worker] .w.s.m.s.DefaultHandlerExceptionResolver : Resolved [org.springframework.web.bind.MethodArgumentNotValidException: Validation failed for argument [0] in public java.lang.String com.example.demo.controller.StationAPIController.postGPS(com.example.demo.dto.GPSCoordinateReq): [Field error in object 'GPSCoordinateReq' on field 'longitude': rejected value [null]; codes [NotNull.GPSCoordinateReq.longitude,NotNull.longitude,NotNull.java.lang.Double,NotNull]; arguments [org.springframework.context.support.DefaultMessageSourceResolvable: codes [GPSCoordinateReq.longitude,longitude]; arguments []; default message [longitude]]; default message [must not be null]] ]

MockHttpServletRequest:
      HTTP Method = POST
      Request URI = /api/station
       Parameters = {}
          Headers = [Content-Type:"application/json;charset=UTF-8", Content-Length:"34"]
             Body = {"latitude":37.3,"longitude":null}
    Session Attrs = {}

Handler:
             Type = com.example.demo.controller.StationAPIController
           Method = com.example.demo.controller.StationAPIController#postGPS(GPSCoordinateReq)

Async:
    Async started = false
     Async result = null

Resolved Exception:
             Type = org.springframework.web.bind.MethodArgumentNotValidException

ModelAndView:
        View name = null
             View = null
            Model = null

FlashMap:
       Attributes = null

MockHttpServletResponse:
           Status = 400
    Error message = null
          Headers = []
     Content type = null
             Body = 
    Forwarded URL = null
   Redirected URL = null
          Cookies = []
2022-03-20 23:57:25.740  WARN 18653 --- [    Test worker] .w.s.m.s.DefaultHandlerExceptionResolver : Resolved [org.springframework.web.bind.MethodArgumentNotValidException: Validation failed for argument [0] in public java.lang.String com.example.demo.controller.StationAPIController.postGPS(com.example.demo.dto.GPSCoordinateReq) with 2 errors: [Field error in object 'GPSCoordinateReq' on field 'longitude': rejected value [null]; codes [NotNull.GPSCoordinateReq.longitude,NotNull.longitude,NotNull.java.lang.Double,NotNull]; arguments [org.springframework.context.support.DefaultMessageSourceResolvable: codes [GPSCoordinateReq.longitude,longitude]; arguments []; default message [longitude]]; default message [must not be null]] [Field error in object 'GPSCoordinateReq' on field 'latitude': rejected value [null]; codes [NotNull.GPSCoordinateReq.latitude,NotNull.latitude,NotNull.java.lang.Double,NotNull]; arguments [org.springframework.context.support.DefaultMessageSourceResolvable: codes [GPSCoordinateReq.latitude,latitude]; arguments []; default message [latitude]]; default message [must not be null]] ]

MockHttpServletRequest:
      HTTP Method = POST
      Request URI = /api/station
       Parameters = {}
          Headers = [Content-Type:"application/json;charset=UTF-8", Content-Length:"34"]
             Body = {"latitude":null,"longitude":null}
    Session Attrs = {}

Handler:
             Type = com.example.demo.controller.StationAPIController
           Method = com.example.demo.controller.StationAPIController#postGPS(GPSCoordinateReq)

Async:
    Async started = false
     Async result = null

Resolved Exception:
             Type = org.springframework.web.bind.MethodArgumentNotValidException

ModelAndView:
        View name = null
             View = null
            Model = null

FlashMap:
       Attributes = null

MockHttpServletResponse:
           Status = 400
    Error message = null
          Headers = []
     Content type = null
             Body = 
    Forwarded URL = null
   Redirected URL = null
          Cookies = []

MockHttpServletRequest:
      HTTP Method = POST
      Request URI = /api/station
       Parameters = {}
          Headers = [Content-Type:"application/json;charset=UTF-8", Content-Length:"4"]
             Body = "{}"
    Session Attrs = {}

Handler:
             Type = com.example.demo.controller.StationAPIController
           Method = com.example.demo.controller.StationAPIController#postGPS(GPSCoordinateReq)

Async:
    Async started = false
     Async result = null

Resolved Exception:
             Type = org.springframework.http.converter.HttpMessageNotReadableException

ModelAndView:
        View name = null
             View = null
            Model = null

FlashMap:
       Attributes = null

MockHttpServletResponse:
           Status = 404
    Error message = null
          Headers = [Content-Type:"application/json"]
     Content type = application/json
             Body = {"httpCode":404,"reason":"Not Found"}
    Forwarded URL = null
   Redirected URL = null
          Cookies = []
]]></system-out>
  <system-err><![CDATA[]]></system-err>
</testsuite>
